  [4;36;1mSQL (0.2ms)[0m   [0;1mSET NAMES 'utf8'[0m
  [4;35;1mSQL (0.2ms)[0m   [0mSET SQL_AUTO_IS_NULL=0[0m


Processing ApplicationController#index (for 127.0.0.1 at 2010-10-10 15:19:36) [GET]

ActionController::RoutingError (No route matches "/" with {:method=>:get}):
  /Users/jamesyu/.rvm/rubies/ruby-1.8.7-p299/lib/ruby/1.8/webrick/httpserver.rb:104:in `service'
  /Users/jamesyu/.rvm/rubies/ruby-1.8.7-p299/lib/ruby/1.8/webrick/httpserver.rb:65:in `run'
  /Users/jamesyu/.rvm/rubies/ruby-1.8.7-p299/lib/ruby/1.8/webrick/server.rb:173:in `start_thread'
  /Users/jamesyu/.rvm/rubies/ruby-1.8.7-p299/lib/ruby/1.8/webrick/server.rb:162:in `start'
  /Users/jamesyu/.rvm/rubies/ruby-1.8.7-p299/lib/ruby/1.8/webrick/server.rb:162:in `start_thread'
  /Users/jamesyu/.rvm/rubies/ruby-1.8.7-p299/lib/ruby/1.8/webrick/server.rb:95:in `start'
  /Users/jamesyu/.rvm/rubies/ruby-1.8.7-p299/lib/ruby/1.8/webrick/server.rb:92:in `each'
  /Users/jamesyu/.rvm/rubies/ruby-1.8.7-p299/lib/ruby/1.8/webrick/server.rb:92:in `start'
  /Users/jamesyu/.rvm/rubies/ruby-1.8.7-p299/lib/ruby/1.8/webrick/server.rb:23:in `start'
  /Users/jamesyu/.rvm/rubies/ruby-1.8.7-p299/lib/ruby/1.8/webrick/server.rb:82:in `start'

Rendering rescues/layout (not_found)
  [4;36;1mSQL (0.1ms)[0m   [0;1mSET NAMES 'utf8'[0m
  [4;35;1mSQL (0.1ms)[0m   [0mSET SQL_AUTO_IS_NULL=0[0m


Processing HomeController#index (for 127.0.0.1 at 2010-10-10 15:20:20) [GET]
Rendering template within layouts/application
Rendering home/index
Rendered layouts/_header (0.3ms)
Rendered layouts/_footer (0.3ms)
Completed in 2409ms (View: 20, DB: 0) | 200 OK [http://localhost/]
